<?xml version="1.0" encoding="UTF-8"?>
<!-- Generated by org.testng.reporters.JUnitReportReporter -->
<testsuite skipped="0" hostname="laptop-105" name="com.crm.qa.testcases.HotelsPageTest" tests="1" failures="0" timestamp="05 Mar 2020 10:26:18 GMT" time="36.499" errors="0">
  <testcase name="searchHotelsDetailsTest" time="36.499" classname="com.crm.qa.testcases.HotelsPageTest"/>
</testsuite> <!-- com.crm.qa.testcases.HotelsPageTest -->
