<?xml version="1.0" encoding="UTF-8"?>
<!-- Generated by org.testng.reporters.JUnitReportReporter -->
<testsuite skipped="0" hostname="laptop-105" name="com.kayak.qa.testcases.HotelsPageTest" tests="5" failures="0" timestamp="05 Mar 2020 10:41:34 GMT" time="93.815" errors="0">
  <testcase name="verifyHostelsPageLabel1" time="13.001" classname="com.kayak.qa.testcases.HotelsPageTest"/>
  <testcase name="verifyOriginfieldPrasent" time="16.151" classname="com.kayak.qa.testcases.HotelsPageTest"/>
  <testcase name="verifyStartDatefieldPrasent" time="14.004" classname="com.kayak.qa.testcases.HotelsPageTest"/>
  <testcase name="verifyEndDatefieldPrasent" time="14.387" classname="com.kayak.qa.testcases.HotelsPageTest"/>
  <testcase name="searchHotelsDetailsTest" time="36.272" classname="com.kayak.qa.testcases.HotelsPageTest"/>
</testsuite> <!-- com.kayak.qa.testcases.HotelsPageTest -->
