<?xml version="1.0" encoding="UTF-8"?>
<!-- Generated by org.testng.reporters.JUnitReportReporter -->
<testsuite skipped="0" hostname="laptop-105" name="com.crm.qa.testcases.LoginPageTest" tests="1" failures="0" timestamp="05 Mar 2020 09:36:24 GMT" time="12.685" errors="0">
  <testcase name="crmLogoImageTest" time="12.685" classname="com.crm.qa.testcases.LoginPageTest"/>
</testsuite> <!-- com.crm.qa.testcases.LoginPageTest -->
