<?xml version="1.0" encoding="UTF-8"?>
<!-- Generated by org.testng.reporters.JUnitReportReporter -->
<testsuite skipped="0" hostname="laptop-105" name="com.crm.qa.testcases.FlightsPageTest" tests="2" failures="0" timestamp="05 Mar 2020 10:23:12 GMT" time="24.180" errors="0">
  <testcase name="kayakLogoImageTest" time="10.768" classname="com.crm.qa.testcases.FlightsPageTest"/>
  <testcase name="navigateToHotelsLinkTest" time="13.412" classname="com.crm.qa.testcases.FlightsPageTest"/>
</testsuite> <!-- com.crm.qa.testcases.FlightsPageTest -->
