<?xml version="1.0" encoding="UTF-8"?>
<!-- Generated by org.testng.reporters.JUnitReportReporter -->
<testsuite skipped="0" hostname="laptop-105" name="com.kayak.qa.testcases.FlightsPageTest" tests="2" failures="0" timestamp="05 Mar 2020 10:41:34 GMT" time="39.560" errors="0">
  <testcase name="kayakLogoImageTest" time="13.166" classname="com.kayak.qa.testcases.FlightsPageTest"/>
  <testcase name="navigateToHotelsLinkTest" time="26.394" classname="com.kayak.qa.testcases.FlightsPageTest"/>
</testsuite> <!-- com.kayak.qa.testcases.FlightsPageTest -->
